<?xml version="1.0" encoding="UTF-8"?>
<testsuites name="Smoke Test CURA" time="24" tests="2" failures="0" errors="0">
   <testsuite name="Smoke Test CURA" tests="2" failures="0" errors="0" time="24" timestamp="2018-12-23 20:28:08" hostname="RAFAYBEA$ - RafayBea" id="Test Suites/Smoke Test/Smoke Test CURA">
      <properties>
         <property name="deviceName" value=""/>
         <property name="devicePlatform" value=""/>
         <property name="logFolder" value="C:\\QA\\Katalon_Studio_Windows_64-5.10.0\\Projects Katalon\\CursoKatalon_Diciembre2018\\Reports\\Smoke Test\\Smoke Test CURA\\20181223_202804"/>
         <property name="logFiles" value="C:\\QA\\Katalon_Studio_Windows_64-5.10.0\\Projects Katalon\\CursoKatalon_Diciembre2018\\Reports\\Smoke Test\\Smoke Test CURA\\20181223_202804\\execution0.log"/>
         <property name="attachments" value=""/>
         <property name="hostName" value="RAFAYBEA$ - RafayBea"/>
         <property name="os" value="Windows 10 64bit"/>
         <property name="katalonVersion" value="5.10.0.1"/>
         <property name="browser" value="Chrome 71.0.3578.98"/>
         <property name="hostAddress" value="192.168.0.19"/>
         <property name="sessionId" value="b4627cf7ed4b37d2f617c0408a89d548"/>
         <property name="seleniumVersion" value="3.7.1"/>
         <property name="proxyInformation" value="ProxyInformation{proxyOption=NO_PROXY, proxyServerType=HTTP, password=, proxyServerAddress=, proxyServerPort=0}"/>
         <property name="platform" value="Windows 10"/>
      </properties>
      <testcase name="Test Cases/demoUATKatalon/hacerLogin-Logout" classname="Test Cases/demoUATKatalon/hacerLogin-Logout" status="PASSED">
         <system-out><![CDATA[2018-12-23 20:28:09 - [TEST_CASE][PASSED] - Test Cases/demoUATKatalon/hacerLogin-Logout: Test Cases/demoUATKatalon/hacerLogin-Logout

2018-12-23 20:28:10 - [TEST_STEP][PASSED] - openBrowser(""): Browser is opened with url: ''

2018-12-23 20:28:11 - [MESSAGE][INFO] - Starting 'Chrome' driver

2018-12-23 20:28:11 - [MESSAGE][INFO] - Action delay is set to 0 seconds

2018-12-23 20:28:17 - [MESSAGE][PASSED] - Browser is opened with url: ''

2018-12-23 20:28:17 - [TEST_STEP][PASSED] - navigateToUrl("https://katalon-demo-cura.herokuapp.com/"): Navigate to 'https://katalon-demo-cura.herokuapp.com/' successfully

2018-12-23 20:28:20 - [MESSAGE][PASSED] - Navigate to 'https://katalon-demo-cura.herokuapp.com/' successfully

2018-12-23 20:28:20 - [TEST_STEP][PASSED] - click(findTestObject("Object Repository/demoUATKatalon/Page_CURA Healthcare Service/a_Make Appointment")): Object: 'Object Repository/demoUATKatalon/Page_CURA Healthcare Service/a_Make Appointment' is clicked on

2018-12-23 20:28:21 - [MESSAGE][PASSED] - Object: 'Object Repository/demoUATKatalon/Page_CURA Healthcare Service/a_Make Appointment' is clicked on

2018-12-23 20:28:21 - [TEST_STEP][PASSED] - setText(findTestObject("Object Repository/demoUATKatalon/Page_CURA Healthcare Service/input_Username_username"), "John Doe"): Text 'John Doe' is set on object 'Object Repository/demoUATKatalon/Page_CURA Healthcare Service/input_Username_username'

2018-12-23 20:28:21 - [MESSAGE][PASSED] - Text 'John Doe' is set on object 'Object Repository/demoUATKatalon/Page_CURA Healthcare Service/input_Username_username'

2018-12-23 20:28:21 - [TEST_STEP][PASSED] - setEncryptedText(findTestObject("Object Repository/demoUATKatalon/Page_CURA Healthcare Service/input_Password_password"), "g3/DOGG74jC3Flrr3yH+3D/yKbOqqUNM"): Text ****** has been set on object 'Object Repository/demoUATKatalon/Page_CURA Healthcare Service/input_Password_password'

2018-12-23 20:28:22 - [MESSAGE][PASSED] - Text ****** has been set on object 'Object Repository/demoUATKatalon/Page_CURA Healthcare Service/input_Password_password'

2018-12-23 20:28:22 - [TEST_STEP][PASSED] - click(findTestObject("Object Repository/demoUATKatalon/Page_CURA Healthcare Service/button_Login")): Object: 'Object Repository/demoUATKatalon/Page_CURA Healthcare Service/button_Login' is clicked on

2018-12-23 20:28:22 - [MESSAGE][PASSED] - Object: 'Object Repository/demoUATKatalon/Page_CURA Healthcare Service/button_Login' is clicked on

2018-12-23 20:28:22 - [TEST_STEP][PASSED] - click(findTestObject("demoUATKatalon/Page_CURA Healthcare Service/Page_CURA Healthcare Service/a_CURA Healthcare_menu-toggle")): Object: 'Object Repository/demoUATKatalon/Page_CURA Healthcare Service/Page_CURA Healthcare Service/a_CURA Healthcare_menu-toggle' is clicked on

2018-12-23 20:28:22 - [MESSAGE][PASSED] - Object: 'Object Repository/demoUATKatalon/Page_CURA Healthcare Service/Page_CURA Healthcare Service/a_CURA Healthcare_menu-toggle' is clicked on

2018-12-23 20:28:22 - [TEST_STEP][PASSED] - click(findTestObject("demoUATKatalon/Page_CURA Healthcare Service/Page_CURA Healthcare Service/a_Logout")): Object: 'Object Repository/demoUATKatalon/Page_CURA Healthcare Service/Page_CURA Healthcare Service/a_Logout' is clicked on

2018-12-23 20:28:23 - [MESSAGE][PASSED] - Object: 'Object Repository/demoUATKatalon/Page_CURA Healthcare Service/Page_CURA Healthcare Service/a_Logout' is clicked on]]></system-out>
         <system-err><![CDATA[]]></system-err>
      </testcase>
      <testcase name="Test Cases/demoUATKatalon/hacerLogin" classname="Test Cases/demoUATKatalon/hacerLogin" status="PASSED">
         <system-out><![CDATA[2018-12-23 20:28:23 - [TEST_CASE][PASSED] - Test Cases/demoUATKatalon/hacerLogin: Test Cases/demoUATKatalon/hacerLogin

2018-12-23 20:28:23 - [TEST_STEP][PASSED] - openBrowser(""): Browser is opened with url: ''

2018-12-23 20:28:23 - [MESSAGE][WARNING] - A browser is already opened. Closing browser and opening a new one

2018-12-23 20:28:24 - [MESSAGE][INFO] - Starting 'Chrome' driver

2018-12-23 20:28:28 - [MESSAGE][PASSED] - Browser is opened with url: ''

2018-12-23 20:28:28 - [TEST_STEP][PASSED] - navigateToUrl("https://katalon-demo-cura.herokuapp.com/"): Navigate to 'https://katalon-demo-cura.herokuapp.com/' successfully

2018-12-23 20:28:31 - [MESSAGE][PASSED] - Navigate to 'https://katalon-demo-cura.herokuapp.com/' successfully

2018-12-23 20:28:31 - [TEST_STEP][PASSED] - click(findTestObject("Object Repository/demoUATKatalon/Page_CURA Healthcare Service/a_Make Appointment")): Object: 'Object Repository/demoUATKatalon/Page_CURA Healthcare Service/a_Make Appointment' is clicked on

2018-12-23 20:28:31 - [MESSAGE][PASSED] - Object: 'Object Repository/demoUATKatalon/Page_CURA Healthcare Service/a_Make Appointment' is clicked on

2018-12-23 20:28:31 - [TEST_STEP][PASSED] - setText(findTestObject("Object Repository/demoUATKatalon/Page_CURA Healthcare Service/input_Username_username"), "John Doe"): Text 'John Doe' is set on object 'Object Repository/demoUATKatalon/Page_CURA Healthcare Service/input_Username_username'

2018-12-23 20:28:31 - [MESSAGE][PASSED] - Text 'John Doe' is set on object 'Object Repository/demoUATKatalon/Page_CURA Healthcare Service/input_Username_username'

2018-12-23 20:28:31 - [TEST_STEP][PASSED] - setEncryptedText(findTestObject("Object Repository/demoUATKatalon/Page_CURA Healthcare Service/input_Password_password"), "g3/DOGG74jC3Flrr3yH+3D/yKbOqqUNM"): Text ****** has been set on object 'Object Repository/demoUATKatalon/Page_CURA Healthcare Service/input_Password_password'

2018-12-23 20:28:31 - [MESSAGE][PASSED] - Text ****** has been set on object 'Object Repository/demoUATKatalon/Page_CURA Healthcare Service/input_Password_password'

2018-12-23 20:28:31 - [TEST_STEP][PASSED] - click(findTestObject("Object Repository/demoUATKatalon/Page_CURA Healthcare Service/button_Login")): Object: 'Object Repository/demoUATKatalon/Page_CURA Healthcare Service/button_Login' is clicked on

2018-12-23 20:28:32 - [MESSAGE][PASSED] - Object: 'Object Repository/demoUATKatalon/Page_CURA Healthcare Service/button_Login' is clicked on]]></system-out>
         <system-err><![CDATA[]]></system-err>
      </testcase>
      <system-out><![CDATA[2018-12-23 20:28:08 - [TEST_SUITE][PASSED] - Smoke Test CURA: Test Cases/demoUATKatalon/hacerLogin]]></system-out>
      <system-err><![CDATA[]]></system-err>
   </testsuite>
</testsuites>
